<?xml version='1.0' encoding='UTF-8'?>
<testsuite hostname="fedora" name="A5TestsL2" tests="3" errors="0" failures="0" skipped="0" time="0.538" timestamp="2024-11-21T16:16:26">
          <properties>
      <property name="java.specification.version" value="21"/><property name="sun.jnu.encoding" value="UTF-8"/><property name="sun.arch.data.model" value="64"/><property name="java.vendor.url" value="https://adoptium.net/"/><property name="sun.boot.library.path" value="/home/balaji/.sdkman/candidates/java/21.0.4-tem/lib"/><property name="sun.java.command" value="/home/balaji/.sdkman/candidates/sbt/1.10.1/bin/sbt-launch.jar test:testOnly *A5TestsL2"/><property name="jdk.debug" value="release"/><property name="java.specification.vendor" value="Oracle Corporation"/><property name="java.version.date" value="2024-07-16"/><property name="java.home" value="/home/balaji/.sdkman/candidates/java/21.0.4-tem"/><property name="file.separator" value="/"/><property name="java.vm.compressedOopsMode" value="32-bit"/><property name="line.separator" value="
"/><property name="java.vm.specification.vendor" value="Oracle Corporation"/><property name="java.specification.name" value="Java Platform API Specification"/><property name="sun.management.compiler" value="HotSpot 64-Bit Tiered Compilers"/><property name="java.runtime.version" value="21.0.4+7-LTS"/><property name="user.name" value="balaji"/><property name="log4j.ignoreTCL" value="true"/><property name="file.encoding" value="UTF-8"/><property name="jnidispatch.path" value="/home/balaji/.cache/JNA/temp/jna14857429649651434921.tmp"/><property name="java.vendor.version" value="Temurin-21.0.4+7"/><property name="jna.loaded" value="true"/><property name="java.io.tmpdir" value="/tmp"/><property name="java.version" value="21.0.4"/><property name="java.vm.specification.name" value="Java Virtual Machine Specification"/><property name="native.encoding" value="UTF-8"/><property name="java.library.path" value="/var/lib/flatpak/app/dev.zed.Zed/x86_64/stable/25c1adcc4c6b4d6825f0386ce1cfd9e759e63d41b5f94647b3f04ea6c0c33d2c/files/lib:/usr/java/packages/lib:/usr/lib64:/lib64:/lib:/usr/lib"/><property name="stderr.encoding" value="UTF-8"/><property name="java.vendor" value="Eclipse Adoptium"/><property name="scala.ext.dirs" value="/home/balaji/.sbt/1.0/java9-rt-ext-eclipse_adoptium_21_0_4"/><property name="sun.io.unicode.encoding" value="UnicodeLittle"/><property name="java.class.path" value="/home/balaji/.sdkman/candidates/sbt/1.10.1/bin/sbt-launch.jar"/><property name="java.vm.vendor" value="Eclipse Adoptium"/><property name="jline.shutdownhook" value="false"/><property name="user.timezone" value="America/Toronto"/><property name="java.vm.specification.version" value="21"/><property name="os.name" value="Linux"/><property name="sun.java.launcher" value="SUN_STANDARD"/><property name="user.country" value="CA"/><property name="sun.cpu.endian" value="little"/><property name="user.home" value="/home/balaji"/><property name="user.language" value="en"/><property name="sbt.script" value="/home/balaji/.sdkman/candidates/sbt/current/bin/sbt"/><property name="sbt.ipcsocket.tmpdir" value="/run/user/1000/.sbtda1add18/ipcsocket"/><property name="swoval.tmpdir" value="/run/user/1000/.sbtda1add18/swoval"/><property name="jline.esc.timeout" value="0"/><property name="stdout.encoding" value="UTF-8"/><property name="path.separator" value=":"/><property name="os.version" value="6.11.7-300.fc41.x86_64"/><property name="jna.nosys" value="true"/><property name="java.runtime.name" value="OpenJDK Runtime Environment"/><property name="java.vm.name" value="OpenJDK 64-Bit Server VM"/><property name="jna.platform.library.path" value="/usr/lib64:/lib64:/usr/lib:/lib:/usr/lib64/pipewire-0.3/jack"/><property name="java.vendor.url.bug" value="https://github.com/adoptium/adoptium-support/issues"/><property name="user.dir" value="/home/balaji/Documents/code/cs241e/cs241e"/><property name="os.arch" value="amd64"/><property name="java.vm.info" value="mixed mode, sharing"/><property name="java.vm.version" value="21.0.4+7-LTS"/><property name="java.class.version" value="65.0"/>
    </properties>
          <testcase classname="A5TestsL2" name="printprocedure" time="0.208">
                      
                    </testcase><testcase classname="A5TestsL2" name="printArray" time="0.205">
                      
                    </testcase><testcase classname="A5TestsL2" name="Tree" time="0.125">
                      
                    </testcase>
          <system-out><![CDATA[]]></system-out>
          <system-err><![CDATA[]]></system-err>
        </testsuite>